  stdafx.cpp
  cButton.cpp
  cCloset.cpp
  cFontManager.cpp
c:\users\daun4\onedrive\바탕 화면\customgame\cfontmanager.cpp(18): warning C4101: 'hdc' :참조되지 않은 지역 변수입니다.
  cGameExitWnd.cpp
  cImageManager.cpp
  cIngameScene.cpp
  cInputManager.cpp
  cLoadScene.cpp
c:\users\daun4\onedrive\바탕 화면\customgame\cloadscene.cpp(137): warning C4267: '=': 'size_t'에서 'int'(으)로 변환하면서 데이터가 손실될 수 있습니다.
  cMainGame.cpp
  cMainScene.cpp
  cMakingWnd.cpp
  cMouseCursor.cpp
  cMultiTexture.cpp
  Comment.cpp
c:\users\daun4\onedrive\바탕 화면\customgame\comment.cpp(26): warning C4311: '형식 캐스트': 'LPVOID'에서 'DWORD'(으)로 포인터가 잘립니다.
c:\users\daun4\onedrive\바탕 화면\customgame\comment.cpp(26): warning C4302: '형식 캐스트': 'LPVOID'에서 'DWORD'(으)로 잘립니다.
c:\users\daun4\onedrive\바탕 화면\customgame\comment.cpp(27): warning C4311: '형식 캐스트': 'LPVOID'에서 'DWORD'(으)로 포인터가 잘립니다.
c:\users\daun4\onedrive\바탕 화면\customgame\comment.cpp(27): warning C4302: '형식 캐스트': 'LPVOID'에서 'DWORD'(으)로 잘립니다.
  cScene.cpp
  cSceneManager.cpp
  cSingleTexture.cpp
  cTexture.cpp
  cTitleScene.cpp
c:\users\daun4\onedrive\바탕 화면\customgame\ctitlescene.cpp(31): warning C4311: '형식 캐스트': 'LPVOID'에서 'DWORD'(으)로 포인터가 잘립니다.
c:\users\daun4\onedrive\바탕 화면\customgame\ctitlescene.cpp(31): warning C4302: '형식 캐스트': 'LPVOID'에서 'DWORD'(으)로 잘립니다.
c:\users\daun4\onedrive\바탕 화면\customgame\ctitlescene.cpp(32): warning C4311: '형식 캐스트': 'LPVOID'에서 'DWORD'(으)로 포인터가 잘립니다.
c:\users\daun4\onedrive\바탕 화면\customgame\ctitlescene.cpp(32): warning C4302: '형식 캐스트': 'LPVOID'에서 'DWORD'(으)로 잘립니다.
  cWindow.cpp
  코드를 생성하고 있습니다...
  컴파일하고 있습니다...
  FrameWork.cpp
  cOptionWnd.cpp
c:\users\daun4\onedrive\바탕 화면\customgame\coptionwnd.cpp(41): warning C4311: '형식 캐스트': 'LPVOID'에서 'DWORD'(으)로 포인터가 잘립니다.
c:\users\daun4\onedrive\바탕 화면\customgame\coptionwnd.cpp(41): warning C4302: '형식 캐스트': 'LPVOID'에서 'DWORD'(으)로 잘립니다.
  cStoreWnd.cpp
  코드를 생성하고 있습니다...
LINK : fatal error LNK1104: 'fmodex_vc.lib' 파일을 열 수 없습니다.
